[debug] [2021-06-10T13:25:44.318Z] ----------------------------------------------------------------------
[debug] [2021-06-10T13:25:44.322Z] Command:       /usr/bin/node /usr/bin/firebase init
[debug] [2021-06-10T13:25:44.322Z] CLI Version:   9.12.1
[debug] [2021-06-10T13:25:44.322Z] Platform:      linux
[debug] [2021-06-10T13:25:44.322Z] Node Version:  v10.24.1
[debug] [2021-06-10T13:25:44.323Z] Time:          Thu Jun 10 2021 18:55:44 GMT+0530 (India Standard Time)
[debug] [2021-06-10T13:25:44.323Z] ----------------------------------------------------------------------
[debug] 
[debug] [2021-06-10T13:25:44.332Z] > command requires scopes: ["email","openid","https://www.googleapis.com/auth/cloudplatformprojects.readonly","https://www.googleapis.com/auth/firebase","https://www.googleapis.com/auth/cloud-platform"]
[debug] [2021-06-10T13:25:44.332Z] > authorizing via signed-in user (anant1995rawat1995@gmail.com)
[info] 
     ######## #### ########  ######## ########     ###     ######  ########
     ##        ##  ##     ## ##       ##     ##  ##   ##  ##       ##
     ######    ##  ########  ######   ########  #########  ######  ######
     ##        ##  ##    ##  ##       ##     ## ##     ##       ## ##
     ##       #### ##     ## ######## ########  ##     ##  ######  ########

You're about to initialize a Firebase project in this directory:

  /home/mo2/ReactCalculator/calculator

Before we get started, keep in mind:

  * You are initializing in an existing Firebase project directory

[info] 
=== Project Setup
[info] 
[info] First, let's associate this project directory with a Firebase project.
[info] You can create multiple project aliases by running firebase use --add, 
[info] but for now we'll just set up a default project.
[info] 
[info] i  .firebaserc already has a default project, using calculator-72c5b. 
[debug] [2021-06-10T13:25:47.097Z] > refreshing access token with scopes: []
[debug] [2021-06-10T13:25:47.099Z] >>> HTTP REQUEST POST https://www.googleapis.com/oauth2/v3/token  
 <request body omitted>
[debug] [2021-06-10T13:25:47.657Z] <<< HTTP RESPONSE 200 {"date":"Thu, 10 Jun 2021 13:25:47 GMT","expires":"Mon, 01 Jan 1990 00:00:00 GMT","pragma":"no-cache","cache-control":"no-cache, no-store, max-age=0, must-revalidate","content-type":"application/json; charset=utf-8","vary":"X-Origin, Referer, Origin,Accept-Encoding","server":"scaffolding on HTTPServer2","x-xss-protection":"0","x-frame-options":"SAMEORIGIN","x-content-type-options":"nosniff","alt-svc":"h3=\":443\"; ma=2592000,h3-29=\":443\"; ma=2592000,h3-T051=\":443\"; ma=2592000,h3-Q050=\":443\"; ma=2592000,h3-Q046=\":443\"; ma=2592000,h3-Q043=\":443\"; ma=2592000,quic=\":443\"; ma=2592000; v=\"46,43\"","accept-ranges":"none","transfer-encoding":"chunked"}
[debug] [2021-06-10T13:25:47.762Z] >>> [apiv2][query] GET https://firebase.googleapis.com/v1beta1/projects/calculator-72c5b [none]
[debug] [2021-06-10T13:25:48.587Z] <<< [apiv2][status] GET https://firebase.googleapis.com/v1beta1/projects/calculator-72c5b 200
[debug] [2021-06-10T13:25:48.587Z] <<< [apiv2][body] GET https://firebase.googleapis.com/v1beta1/projects/calculator-72c5b {"projectId":"calculator-72c5b","projectNumber":"37289751472","displayName":"Calculator","name":"projects/calculator-72c5b","resources":{"hostingSite":"calculator-72c5b"},"state":"ACTIVE"}
[info] 
=== Hosting Setup
[info] 
[info] Your public directory is the folder (relative to your project directory) that
[info] will contain Hosting assets to be uploaded with firebase deploy. If you
[info] have a build process for your assets, use your build's output directory.
[info] 
